# JRE version: OpenJDK Runtime Environment Temurin-21.0.7+6 (21.0.7+6) (build 21.0.7+6-LTS)
# Java VM: OpenJDK 64-Bit Server VM Temurin-21.0.7+6 (21.0.7+6-LTS, mixed mode, sharing, tiered, compressed oops, compressed class ptrs, parallel gc, windows-amd64)
GC Precious Log:
 CardTable entry size: 512
 CPUs: 16 total, 16 available
 Memory: 7560M
 Large Page Support: Disabled
 NUMA Support: Disabled
 Compressed Oops: Enabled (32-bit)
 Alignments: Space 512K, Generation 512K, Heap 2M
 Heap Min Capacity: 100M
 Heap Initial Capacity: 100M
 Heap Max Capacity: 1G
 Pre-touch: Disabled
 Parallel Workers: 13
Heap:
 PSYoungGen      total 3072K, used 1606K [0x00000000eab00000, 0x00000000eaf00000, 0x0000000100000000)
  eden space 2048K, 44% used [0x00000000eab00000,0x00000000eabe25d0,0x00000000ead00000)
  from space 1024K, 68% used [0x00000000eae00000,0x00000000eaeaf390,0x00000000eaf00000)
  to   space 1024K, 0% used [0x00000000ead00000,0x00000000ead00000,0x00000000eae00000)
 ParOldGen       total 218624K, used 218214K [0x00000000c0000000, 0x00000000cd580000, 0x00000000eab00000)
  object space 218624K, 99% used [0x00000000c0000000,0x00000000cd519b18,0x00000000cd580000)
 Metaspace       used 58094K, committed 59456K, reserved 1114112K
  class space    used 5912K, committed 6528K, reserved 1048576K
GC Heap History (20 events):
Event: 14.780 GC heap before
{Heap before GC invocations=140 (full 2):
 PSYoungGen      total 3072K, used 2659K [0x00000000eab00000, 0x00000000eaf00000, 0x0000000100000000)
  eden space 2048K, 99% used [0x00000000eab00000,0x00000000eacff368,0x00000000ead00000)
  from space 1024K, 60% used [0x00000000ead00000,0x00000000ead99c90,0x00000000eae00000)
  to   space 1024K, 0% used [0x00000000eae00000,0x00000000eae00000,0x00000000eaf00000)
 ParOldGen       total 211968K, used 211800K [0x00000000c0000000, 0x00000000ccf00000, 0x00000000eab00000)
  object space 211968K, 99% used [0x00000000c0000000,0x00000000cced6248,0x00000000ccf00000)
 Metaspace       used 57997K, committed 59264K, reserved 1114112K
  class space    used 5899K, committed 6464K, reserved 1048576K
}
Event: 14.782 GC heap after
{Heap after GC invocations=140 (full 2):
 PSYoungGen      total 3072K, used 664K [0x00000000eab00000, 0x00000000eaf00000, 0x0000000100000000)
  eden space 2048K, 0% used [0x00000000eab00000,0x00000000eab00000,0x00000000ead00000)
  from space 1024K, 64% used [0x00000000eae00000,0x00000000eaea61f0,0x00000000eaf00000)
  to   space 1024K, 0% used [0x00000000ead00000,0x00000000ead00000,0x00000000eae00000)
 ParOldGen       total 212480K, used 212217K [0x00000000c0000000, 0x00000000ccf80000, 0x00000000eab00000)
  object space 212480K, 99% used [0x00000000c0000000,0x00000000ccf3e458,0x00000000ccf80000)
 Metaspace       used 57997K, committed 59264K, reserved 1114112K
  class space    used 5899K, committed 6464K, reserved 1048576K
}
Event: 14.805 GC heap before
{Heap before GC invocations=141 (full 2):
 PSYoungGen      total 3072K, used 2712K [0x00000000eab00000, 0x00000000eaf00000, 0x0000000100000000)
  eden space 2048K, 100% used [0x00000000eab00000,0x00000000ead00000,0x00000000ead00000)
  from space 1024K, 64% used [0x00000000eae00000,0x00000000eaea61f0,0x00000000eaf00000)
  to   space 1024K, 0% used [0x00000000ead00000,0x00000000ead00000,0x00000000eae00000)
 ParOldGen       total 212480K, used 212217K [0x00000000c0000000, 0x00000000ccf80000, 0x00000000eab00000)
  object space 212480K, 99% used [0x00000000c0000000,0x00000000ccf3e458,0x00000000ccf80000)
 Metaspace       used 58027K, committed 59264K, reserved 1114112K
  class space    used 5902K, committed 6464K, reserved 1048576K
}
Event: 14.811 GC heap after
{Heap after GC invocations=141 (full 2):
 PSYoungGen      total 3072K, used 662K [0x00000000eab00000, 0x00000000eaf00000, 0x0000000100000000)
  eden space 2048K, 0% used [0x00000000eab00000,0x00000000eab00000,0x00000000ead00000)
  from space 1024K, 64% used [0x00000000ead00000,0x00000000eada5b08,0x00000000eae00000)
  to   space 1024K, 0% used [0x00000000eae00000,0x00000000eae00000,0x00000000eaf00000)
 ParOldGen       total 212992K, used 212639K [0x00000000c0000000, 0x00000000cd000000, 0x00000000eab00000)
  object space 212992K, 99% used [0x00000000c0000000,0x00000000ccfa7d00,0x00000000cd000000)
 Metaspace       used 58027K, committed 59264K, reserved 1114112K
  class space    used 5902K, committed 6464K, reserved 1048576K
}
Event: 14.821 GC heap before
{Heap before GC invocations=142 (full 2):
 PSYoungGen      total 3072K, used 2693K [0x00000000eab00000, 0x00000000eaf00000, 0x0000000100000000)
  eden space 2048K, 99% used [0x00000000eab00000,0x00000000eacfb998,0x00000000ead00000)
  from space 1024K, 64% used [0x00000000ead00000,0x00000000eada5b08,0x00000000eae00000)
  to   space 1024K, 0% used [0x00000000eae00000,0x00000000eae00000,0x00000000eaf00000)
 ParOldGen       total 212992K, used 212639K [0x00000000c0000000, 0x00000000cd000000, 0x00000000eab00000)
  object space 212992K, 99% used [0x00000000c0000000,0x00000000ccfa7d00,0x00000000cd000000)
 Metaspace       used 58033K, committed 59264K, reserved 1114112K
  class space    used 5903K, committed 6464K, reserved 1048576K
}
Event: 14.822 GC heap after
{Heap after GC invocations=142 (full 2):
 PSYoungGen      total 3072K, used 697K [0x00000000eab00000, 0x00000000eaf00000, 0x0000000100000000)
  eden space 2048K, 0% used [0x00000000eab00000,0x00000000eab00000,0x00000000ead00000)
  from space 1024K, 68% used [0x00000000eae00000,0x00000000eaeae5f8,0x00000000eaf00000)
  to   space 1024K, 0% used [0x00000000ead00000,0x00000000ead00000,0x00000000eae00000)
 ParOldGen       total 213504K, used 213172K [0x00000000c0000000, 0x00000000cd080000, 0x00000000eab00000)
  object space 213504K, 99% used [0x00000000c0000000,0x00000000cd02d388,0x00000000cd080000)
 Metaspace       used 58033K, committed 59264K, reserved 1114112K
  class space    used 5903K, committed 6464K, reserved 1048576K
}
Event: 14.834 GC heap before
{Heap before GC invocations=143 (full 2):
 PSYoungGen      total 3072K, used 2745K [0x00000000eab00000, 0x00000000eaf00000, 0x0000000100000000)
  eden space 2048K, 100% used [0x00000000eab00000,0x00000000ead00000,0x00000000ead00000)
  from space 1024K, 68% used [0x00000000eae00000,0x00000000eaeae5f8,0x00000000eaf00000)
  to   space 1024K, 0% used [0x00000000ead00000,0x00000000ead00000,0x00000000eae00000)
 ParOldGen       total 213504K, used 213172K [0x00000000c0000000, 0x00000000cd080000, 0x00000000eab00000)
  object space 213504K, 99% used [0x00000000c0000000,0x00000000cd02d388,0x00000000cd080000)
 Metaspace       used 58059K, committed 59328K, reserved 1114112K
  class space    used 5907K, committed 6464K, reserved 1048576K
}
Event: 14.837 GC heap after
{Heap after GC invocations=143 (full 2):
 PSYoungGen      total 3072K, used 681K [0x00000000eab00000, 0x00000000eaf00000, 0x0000000100000000)
  eden space 2048K, 0% used [0x00000000eab00000,0x00000000eab00000,0x00000000ead00000)
  from space 1024K, 66% used [0x00000000ead00000,0x00000000eadaa7e0,0x00000000eae00000)
  to   space 1024K, 0% used [0x00000000eae00000,0x00000000eae00000,0x00000000eaf00000)
 ParOldGen       total 214016K, used 213640K [0x00000000c0000000, 0x00000000cd100000, 0x00000000eab00000)
  object space 214016K, 99% used [0x00000000c0000000,0x00000000cd0a2280,0x00000000cd100000)
 Metaspace       used 58059K, committed 59328K, reserved 1114112K
  class space    used 5907K, committed 6464K, reserved 1048576K
}
Event: 14.868 GC heap before
{Heap before GC invocations=144 (full 2):
 PSYoungGen      total 3072K, used 2729K [0x00000000eab00000, 0x00000000eaf00000, 0x0000000100000000)
  eden space 2048K, 100% used [0x00000000eab00000,0x00000000ead00000,0x00000000ead00000)
  from space 1024K, 66% used [0x00000000ead00000,0x00000000eadaa7e0,0x00000000eae00000)
  to   space 1024K, 0% used [0x00000000eae00000,0x00000000eae00000,0x00000000eaf00000)
 ParOldGen       total 214016K, used 213640K [0x00000000c0000000, 0x00000000cd100000, 0x00000000eab00000)
  object space 214016K, 99% used [0x00000000c0000000,0x00000000cd0a2280,0x00000000cd100000)
 Metaspace       used 58073K, committed 59456K, reserved 1114112K
  class space    used 5910K, committed 6528K, reserved 1048576K
}
Event: 14.871 GC heap after
{Heap after GC invocations=144 (full 2):
 PSYoungGen      total 3072K, used 576K [0x00000000eab00000, 0x00000000eaf00000, 0x0000000100000000)
  eden space 2048K, 0% used [0x00000000eab00000,0x00000000eab00000,0x00000000ead00000)
  from space 1024K, 56% used [0x00000000eae00000,0x00000000eae90000,0x00000000eaf00000)
  to   space 1024K, 0% used [0x00000000ead00000,0x00000000ead00000,0x00000000eae00000)
 ParOldGen       total 214528K, used 214152K [0x00000000c0000000, 0x00000000cd180000, 0x00000000eab00000)
  object space 214528K, 99% used [0x00000000c0000000,0x00000000cd1220d8,0x00000000cd180000)
 Metaspace       used 58073K, committed 59456K, reserved 1114112K
  class space    used 5910K, committed 6528K, reserved 1048576K
}
Event: 14.881 GC heap before
{Heap before GC invocations=145 (full 2):
 PSYoungGen      total 3072K, used 2624K [0x00000000eab00000, 0x00000000eaf00000, 0x0000000100000000)
  eden space 2048K, 100% used [0x00000000eab00000,0x00000000ead00000,0x00000000ead00000)
  from space 1024K, 56% used [0x00000000eae00000,0x00000000eae90000,0x00000000eaf00000)
  to   space 1024K, 0% used [0x00000000ead00000,0x00000000ead00000,0x00000000eae00000)
 ParOldGen       total 214528K, used 214152K [0x00000000c0000000, 0x00000000cd180000, 0x00000000eab00000)
  object space 214528K, 99% used [0x00000000c0000000,0x00000000cd1220d8,0x00000000cd180000)
 Metaspace       used 58073K, committed 59456K, reserved 1114112K
  class space    used 5910K, committed 6528K, reserved 1048576K
}
Event: 14.883 GC heap after
{Heap after GC invocations=145 (full 2):
 PSYoungGen      total 3072K, used 685K [0x00000000eab00000, 0x00000000eaf00000, 0x0000000100000000)
  eden space 2048K, 0% used [0x00000000eab00000,0x00000000eab00000,0x00000000ead00000)
  from space 1024K, 66% used [0x00000000ead00000,0x00000000eadab568,0x00000000eae00000)
  to   space 1024K, 0% used [0x00000000eae00000,0x00000000eae00000,0x00000000eaf00000)
 ParOldGen       total 215040K, used 214611K [0x00000000c0000000, 0x00000000cd200000, 0x00000000eab00000)
  object space 215040K, 99% used [0x00000000c0000000,0x00000000cd194d90,0x00000000cd200000)
 Metaspace       used 58073K, committed 59456K, reserved 1114112K
  class space    used 5910K, committed 6528K, reserved 1048576K
}
Event: 14.892 GC heap before
{Heap before GC invocations=146 (full 2):
 PSYoungGen      total 3072K, used 2722K [0x00000000eab00000, 0x00000000eaf00000, 0x0000000100000000)
  eden space 2048K, 99% used [0x00000000eab00000,0x00000000eacfd628,0x00000000ead00000)
  from space 1024K, 66% used [0x00000000ead00000,0x00000000eadab568,0x00000000eae00000)
  to   space 1024K, 0% used [0x00000000eae00000,0x00000000eae00000,0x00000000eaf00000)
 ParOldGen       total 215040K, used 214611K [0x00000000c0000000, 0x00000000cd200000, 0x00000000eab00000)
  object space 215040K, 99% used [0x00000000c0000000,0x00000000cd194d90,0x00000000cd200000)
 Metaspace       used 58073K, committed 59456K, reserved 1114112K
  class space    used 5910K, committed 6528K, reserved 1048576K
}
Event: 14.895 GC heap after
{Heap after GC invocations=146 (full 2):
 PSYoungGen      total 3072K, used 597K [0x00000000eab00000, 0x00000000eaf00000, 0x0000000100000000)
  eden space 2048K, 0% used [0x00000000eab00000,0x00000000eab00000,0x00000000ead00000)
  from space 1024K, 58% used [0x00000000eae00000,0x00000000eae95550,0x00000000eaf00000)
  to   space 1024K, 0% used [0x00000000ead00000,0x00000000ead00000,0x00000000eae00000)
 ParOldGen       total 215552K, used 215140K [0x00000000c0000000, 0x00000000cd280000, 0x00000000eab00000)
  object space 215552K, 99% used [0x00000000c0000000,0x00000000cd2193f8,0x00000000cd280000)
 Metaspace       used 58073K, committed 59456K, reserved 1114112K
  class space    used 5910K, committed 6528K, reserved 1048576K
}
Event: 14.904 GC heap before
{Heap before GC invocations=147 (full 2):
 PSYoungGen      total 3072K, used 2645K [0x00000000eab00000, 0x00000000eaf00000, 0x0000000100000000)
  eden space 2048K, 100% used [0x00000000eab00000,0x00000000ead00000,0x00000000ead00000)
  from space 1024K, 58% used [0x00000000eae00000,0x00000000eae95550,0x00000000eaf00000)
  to   space 1024K, 0% used [0x00000000ead00000,0x00000000ead00000,0x00000000eae00000)
 ParOldGen       total 215552K, used 215140K [0x00000000c0000000, 0x00000000cd280000, 0x00000000eab00000)
  object space 215552K, 99% used [0x00000000c0000000,0x00000000cd2193f8,0x00000000cd280000)
 Metaspace       used 58073K, committed 59456K, reserved 1114112K
  class space    used 5910K, committed 6528K, reserved 1048576K
}
Event: 14.907 GC heap after
{Heap after GC invocations=147 (full 2):
 PSYoungGen      total 3072K, used 704K [0x00000000eab00000, 0x00000000eaf00000, 0x0000000100000000)
  eden space 2048K, 0% used [0x00000000eab00000,0x00000000eab00000,0x00000000ead00000)
  from space 1024K, 68% used [0x00000000ead00000,0x00000000eadb0000,0x00000000eae00000)
  to   space 1024K, 0% used [0x00000000eae00000,0x00000000eae00000,0x00000000eaf00000)
 ParOldGen       total 216064K, used 215646K [0x00000000c0000000, 0x00000000cd300000, 0x00000000eab00000)
  object space 216064K, 99% used [0x00000000c0000000,0x00000000cd2979c0,0x00000000cd300000)
 Metaspace       used 58073K, committed 59456K, reserved 1114112K
  class space    used 5910K, committed 6528K, reserved 1048576K
}
Event: 14.915 GC heap before
{Heap before GC invocations=148 (full 2):
 PSYoungGen      total 3072K, used 2752K [0x00000000eab00000, 0x00000000eaf00000, 0x0000000100000000)
  eden space 2048K, 100% used [0x00000000eab00000,0x00000000ead00000,0x00000000ead00000)
  from space 1024K, 68% used [0x00000000ead00000,0x00000000eadb0000,0x00000000eae00000)
  to   space 1024K, 0% used [0x00000000eae00000,0x00000000eae00000,0x00000000eaf00000)
 ParOldGen       total 216064K, used 215646K [0x00000000c0000000, 0x00000000cd300000, 0x00000000eab00000)
  object space 216064K, 99% used [0x00000000c0000000,0x00000000cd2979c0,0x00000000cd300000)
 Metaspace       used 58073K, committed 59456K, reserved 1114112K
  class space    used 5910K, committed 6528K, reserved 1048576K
}
Event: 14.917 GC heap after
{Heap after GC invocations=148 (full 2):
 PSYoungGen      total 3072K, used 657K [0x00000000eab00000, 0x00000000eaf00000, 0x0000000100000000)
  eden space 2048K, 0% used [0x00000000eab00000,0x00000000eab00000,0x00000000ead00000)
  from space 1024K, 64% used [0x00000000eae00000,0x00000000eaea4698,0x00000000eaf00000)
  to   space 1024K, 0% used [0x00000000ead00000,0x00000000ead00000,0x00000000eae00000)
 ParOldGen       total 216576K, used 216167K [0x00000000c0000000, 0x00000000cd380000, 0x00000000eab00000)
  object space 216576K, 99% used [0x00000000c0000000,0x00000000cd319e80,0x00000000cd380000)
 Metaspace       used 58073K, committed 59456K, reserved 1114112K
  class space    used 5910K, committed 6528K, reserved 1048576K
}
Event: 14.933 GC heap before
{Heap before GC invocations=149 (full 2):
 PSYoungGen      total 3072K, used 2705K [0x00000000eab00000, 0x00000000eaf00000, 0x0000000100000000)
  eden space 2048K, 100% used [0x00000000eab00000,0x00000000ead00000,0x00000000ead00000)
  from space 1024K, 64% used [0x00000000eae00000,0x00000000eaea4698,0x00000000eaf00000)
  to   space 1024K, 0% used [0x00000000ead00000,0x00000000ead00000,0x00000000eae00000)
 ParOldGen       total 216576K, used 216167K [0x00000000c0000000, 0x00000000cd380000, 0x00000000eab00000)
  object space 216576K, 99% used [0x00000000c0000000,0x00000000cd319e80,0x00000000cd380000)
 Metaspace       used 58073K, committed 59456K, reserved 1114112K
  class space    used 5910K, committed 6528K, reserved 1048576K
}
Event: 14.934 GC heap after
{Heap after GC invocations=149 (full 2):
 PSYoungGen      total 3072K, used 615K [0x00000000eab00000, 0x00000000eaf00000, 0x0000000100000000)
  eden space 2048K, 0% used [0x00000000eab00000,0x00000000eab00000,0x00000000ead00000)
  from space 1024K, 60% used [0x00000000ead00000,0x00000000ead99e18,0x00000000eae00000)
  to   space 1024K, 0% used [0x00000000eae00000,0x00000000eae00000,0x00000000eaf00000)
 ParOldGen       total 217088K, used 216702K [0x00000000c0000000, 0x00000000cd400000, 0x00000000eab00000)
  object space 217088K, 99% used [0x00000000c0000000,0x00000000cd39fa40,0x00000000cd400000)
 Metaspace       used 58073K, committed 59456K, reserved 1114112K
  class space    used 5910K, committed 6528K, reserved 1048576K
}

