# JRE version: OpenJDK Runtime Environment Temurin-21.0.7+6 (21.0.7+6) (build 21.0.7+6-LTS)
# Java VM: OpenJDK 64-Bit Server VM Temurin-21.0.7+6 (21.0.7+6-LTS, mixed mode, sharing, tiered, compressed oops, compressed class ptrs, parallel gc, windows-amd64)
GC Precious Log:
 CardTable entry size: 512
 CPUs: 16 total, 16 available
 Memory: 7560M
 Large Page Support: Disabled
 NUMA Support: Disabled
 Compressed Oops: Enabled (32-bit)
 Alignments: Space 512K, Generation 512K, Heap 2M
 Heap Min Capacity: 100M
 Heap Initial Capacity: 100M
 Heap Max Capacity: 1G
 Pre-touch: Disabled
 Parallel Workers: 13
Heap:
 PSYoungGen      total 4096K, used 3718K [0x00000000eab00000, 0x00000000eb000000, 0x0000000100000000)
  eden space 3072K, 87% used [0x00000000eab00000,0x00000000eada3ca8,0x00000000eae00000)
  from space 1024K, 99% used [0x00000000eaf00000,0x00000000eaffdcc8,0x00000000eb000000)
  to   space 1024K, 0% used [0x00000000eae00000,0x00000000eae00000,0x00000000eaf00000)
 ParOldGen       total 180224K, used 180214K [0x00000000c0000000, 0x00000000cb000000, 0x00000000eab00000)
  object space 180224K, 99% used [0x00000000c0000000,0x00000000caffd960,0x00000000cb000000)
 Metaspace       used 57895K, committed 59136K, reserved 1114112K
  class space    used 5891K, committed 6464K, reserved 1048576K
GC Heap History (20 events):
Event: 37.630 GC heap after
{Heap after GC invocations=116 (full 2):
 PSYoungGen      total 4096K, used 789K [0x00000000eab00000, 0x00000000eb000000, 0x0000000100000000)
  eden space 3072K, 0% used [0x00000000eab00000,0x00000000eab00000,0x00000000eae00000)
  from space 1024K, 77% used [0x00000000eaf00000,0x00000000eafc5460,0x00000000eb000000)
  to   space 1024K, 0% used [0x00000000eae00000,0x00000000eae00000,0x00000000eaf00000)
 ParOldGen       total 170496K, used 170423K [0x00000000c0000000, 0x00000000ca680000, 0x00000000eab00000)
  object space 170496K, 99% used [0x00000000c0000000,0x00000000ca66dea8,0x00000000ca680000)
 Metaspace       used 57398K, committed 58688K, reserved 1114112K
  class space    used 5864K, committed 6464K, reserved 1048576K
}
Event: 37.656 GC heap before
{Heap before GC invocations=117 (full 2):
 PSYoungGen      total 4096K, used 3861K [0x00000000eab00000, 0x00000000eb000000, 0x0000000100000000)
  eden space 3072K, 100% used [0x00000000eab00000,0x00000000eae00000,0x00000000eae00000)
  from space 1024K, 77% used [0x00000000eaf00000,0x00000000eafc5460,0x00000000eb000000)
  to   space 1024K, 0% used [0x00000000eae00000,0x00000000eae00000,0x00000000eaf00000)
 ParOldGen       total 170496K, used 170423K [0x00000000c0000000, 0x00000000ca680000, 0x00000000eab00000)
  object space 170496K, 99% used [0x00000000c0000000,0x00000000ca66dea8,0x00000000ca680000)
 Metaspace       used 57411K, committed 58752K, reserved 1114112K
  class space    used 5864K, committed 6464K, reserved 1048576K
}
Event: 37.659 GC heap after
{Heap after GC invocations=117 (full 2):
 PSYoungGen      total 4096K, used 887K [0x00000000eab00000, 0x00000000eb000000, 0x0000000100000000)
  eden space 3072K, 0% used [0x00000000eab00000,0x00000000eab00000,0x00000000eae00000)
  from space 1024K, 86% used [0x00000000eae00000,0x00000000eaeddc18,0x00000000eaf00000)
  to   space 1024K, 0% used [0x00000000eaf00000,0x00000000eaf00000,0x00000000eb000000)
 ParOldGen       total 171520K, used 171087K [0x00000000c0000000, 0x00000000ca780000, 0x00000000eab00000)
  object space 171520K, 99% used [0x00000000c0000000,0x00000000ca713d00,0x00000000ca780000)
 Metaspace       used 57411K, committed 58752K, reserved 1114112K
  class space    used 5864K, committed 6464K, reserved 1048576K
}
Event: 37.677 GC heap before
{Heap before GC invocations=118 (full 2):
 PSYoungGen      total 4096K, used 3959K [0x00000000eab00000, 0x00000000eb000000, 0x0000000100000000)
  eden space 3072K, 100% used [0x00000000eab00000,0x00000000eae00000,0x00000000eae00000)
  from space 1024K, 86% used [0x00000000eae00000,0x00000000eaeddc18,0x00000000eaf00000)
  to   space 1024K, 0% used [0x00000000eaf00000,0x00000000eaf00000,0x00000000eb000000)
 ParOldGen       total 171520K, used 171087K [0x00000000c0000000, 0x00000000ca780000, 0x00000000eab00000)
  object space 171520K, 99% used [0x00000000c0000000,0x00000000ca713d00,0x00000000ca780000)
 Metaspace       used 57411K, committed 58752K, reserved 1114112K
  class space    used 5864K, committed 6464K, reserved 1048576K
}
Event: 37.679 GC heap after
{Heap after GC invocations=118 (full 2):
 PSYoungGen      total 4096K, used 912K [0x00000000eab00000, 0x00000000eb000000, 0x0000000100000000)
  eden space 3072K, 0% used [0x00000000eab00000,0x00000000eab00000,0x00000000eae00000)
  from space 1024K, 89% used [0x00000000eaf00000,0x00000000eafe4238,0x00000000eb000000)
  to   space 1024K, 0% used [0x00000000eae00000,0x00000000eae00000,0x00000000eaf00000)
 ParOldGen       total 172032K, used 171784K [0x00000000c0000000, 0x00000000ca800000, 0x00000000eab00000)
  object space 172032K, 99% used [0x00000000c0000000,0x00000000ca7c2060,0x00000000ca800000)
 Metaspace       used 57411K, committed 58752K, reserved 1114112K
  class space    used 5864K, committed 6464K, reserved 1048576K
}
Event: 37.699 GC heap before
{Heap before GC invocations=119 (full 2):
 PSYoungGen      total 4096K, used 3984K [0x00000000eab00000, 0x00000000eb000000, 0x0000000100000000)
  eden space 3072K, 100% used [0x00000000eab00000,0x00000000eae00000,0x00000000eae00000)
  from space 1024K, 89% used [0x00000000eaf00000,0x00000000eafe4238,0x00000000eb000000)
  to   space 1024K, 0% used [0x00000000eae00000,0x00000000eae00000,0x00000000eaf00000)
 ParOldGen       total 172032K, used 171784K [0x00000000c0000000, 0x00000000ca800000, 0x00000000eab00000)
  object space 172032K, 99% used [0x00000000c0000000,0x00000000ca7c2060,0x00000000ca800000)
 Metaspace       used 57411K, committed 58752K, reserved 1114112K
  class space    used 5864K, committed 6464K, reserved 1048576K
}
Event: 37.701 GC heap after
{Heap after GC invocations=119 (full 2):
 PSYoungGen      total 4096K, used 946K [0x00000000eab00000, 0x00000000eb000000, 0x0000000100000000)
  eden space 3072K, 0% used [0x00000000eab00000,0x00000000eab00000,0x00000000eae00000)
  from space 1024K, 92% used [0x00000000eae00000,0x00000000eaeeca50,0x00000000eaf00000)
  to   space 1024K, 0% used [0x00000000eaf00000,0x00000000eaf00000,0x00000000eb000000)
 ParOldGen       total 172544K, used 172527K [0x00000000c0000000, 0x00000000ca880000, 0x00000000eab00000)
  object space 172544K, 99% used [0x00000000c0000000,0x00000000ca87bce0,0x00000000ca880000)
 Metaspace       used 57411K, committed 58752K, reserved 1114112K
  class space    used 5864K, committed 6464K, reserved 1048576K
}
Event: 37.720 GC heap before
{Heap before GC invocations=120 (full 2):
 PSYoungGen      total 4096K, used 4018K [0x00000000eab00000, 0x00000000eb000000, 0x0000000100000000)
  eden space 3072K, 100% used [0x00000000eab00000,0x00000000eae00000,0x00000000eae00000)
  from space 1024K, 92% used [0x00000000eae00000,0x00000000eaeeca50,0x00000000eaf00000)
  to   space 1024K, 0% used [0x00000000eaf00000,0x00000000eaf00000,0x00000000eb000000)
 ParOldGen       total 172544K, used 172527K [0x00000000c0000000, 0x00000000ca880000, 0x00000000eab00000)
  object space 172544K, 99% used [0x00000000c0000000,0x00000000ca87bce0,0x00000000ca880000)
 Metaspace       used 57411K, committed 58752K, reserved 1114112K
  class space    used 5864K, committed 6464K, reserved 1048576K
}
Event: 37.722 GC heap after
{Heap after GC invocations=120 (full 2):
 PSYoungGen      total 4096K, used 852K [0x00000000eab00000, 0x00000000eb000000, 0x0000000100000000)
  eden space 3072K, 0% used [0x00000000eab00000,0x00000000eab00000,0x00000000eae00000)
  from space 1024K, 83% used [0x00000000eaf00000,0x00000000eafd5350,0x00000000eb000000)
  to   space 1024K, 0% used [0x00000000eae00000,0x00000000eae00000,0x00000000eaf00000)
 ParOldGen       total 173568K, used 173295K [0x00000000c0000000, 0x00000000ca980000, 0x00000000eab00000)
  object space 173568K, 99% used [0x00000000c0000000,0x00000000ca93bcc8,0x00000000ca980000)
 Metaspace       used 57411K, committed 58752K, reserved 1114112K
  class space    used 5864K, committed 6464K, reserved 1048576K
}
Event: 37.758 GC heap before
{Heap before GC invocations=121 (full 2):
 PSYoungGen      total 4096K, used 3924K [0x00000000eab00000, 0x00000000eb000000, 0x0000000100000000)
  eden space 3072K, 100% used [0x00000000eab00000,0x00000000eae00000,0x00000000eae00000)
  from space 1024K, 83% used [0x00000000eaf00000,0x00000000eafd5350,0x00000000eb000000)
  to   space 1024K, 0% used [0x00000000eae00000,0x00000000eae00000,0x00000000eaf00000)
 ParOldGen       total 173568K, used 173295K [0x00000000c0000000, 0x00000000ca980000, 0x00000000eab00000)
  object space 173568K, 99% used [0x00000000c0000000,0x00000000ca93bcc8,0x00000000ca980000)
 Metaspace       used 57411K, committed 58752K, reserved 1114112K
  class space    used 5864K, committed 6464K, reserved 1048576K
}
Event: 37.761 GC heap after
{Heap after GC invocations=121 (full 2):
 PSYoungGen      total 4096K, used 948K [0x00000000eab00000, 0x00000000eb000000, 0x0000000100000000)
  eden space 3072K, 0% used [0x00000000eab00000,0x00000000eab00000,0x00000000eae00000)
  from space 1024K, 92% used [0x00000000eae00000,0x00000000eaeed0d8,0x00000000eaf00000)
  to   space 1024K, 0% used [0x00000000eaf00000,0x00000000eaf00000,0x00000000eb000000)
 ParOldGen       total 174080K, used 174002K [0x00000000c0000000, 0x00000000caa00000, 0x00000000eab00000)
  object space 174080K, 99% used [0x00000000c0000000,0x00000000ca9ec9e8,0x00000000caa00000)
 Metaspace       used 57411K, committed 58752K, reserved 1114112K
  class space    used 5864K, committed 6464K, reserved 1048576K
}
Event: 37.775 GC heap before
{Heap before GC invocations=122 (full 2):
 PSYoungGen      total 4096K, used 4020K [0x00000000eab00000, 0x00000000eb000000, 0x0000000100000000)
  eden space 3072K, 100% used [0x00000000eab00000,0x00000000eae00000,0x00000000eae00000)
  from space 1024K, 92% used [0x00000000eae00000,0x00000000eaeed0d8,0x00000000eaf00000)
  to   space 1024K, 0% used [0x00000000eaf00000,0x00000000eaf00000,0x00000000eb000000)
 ParOldGen       total 174080K, used 174002K [0x00000000c0000000, 0x00000000caa00000, 0x00000000eab00000)
  object space 174080K, 99% used [0x00000000c0000000,0x00000000ca9ec9e8,0x00000000caa00000)
 Metaspace       used 57411K, committed 58752K, reserved 1114112K
  class space    used 5864K, committed 6464K, reserved 1048576K
}
Event: 37.777 GC heap after
{Heap after GC invocations=122 (full 2):
 PSYoungGen      total 4096K, used 890K [0x00000000eab00000, 0x00000000eb000000, 0x0000000100000000)
  eden space 3072K, 0% used [0x00000000eab00000,0x00000000eab00000,0x00000000eae00000)
  from space 1024K, 86% used [0x00000000eaf00000,0x00000000eafdeb10,0x00000000eb000000)
  to   space 1024K, 0% used [0x00000000eae00000,0x00000000eae00000,0x00000000eaf00000)
 ParOldGen       total 175104K, used 174717K [0x00000000c0000000, 0x00000000cab00000, 0x00000000eab00000)
  object space 175104K, 99% used [0x00000000c0000000,0x00000000caa9f6c8,0x00000000cab00000)
 Metaspace       used 57411K, committed 58752K, reserved 1114112K
  class space    used 5864K, committed 6464K, reserved 1048576K
}
Event: 37.792 GC heap before
{Heap before GC invocations=123 (full 2):
 PSYoungGen      total 4096K, used 3961K [0x00000000eab00000, 0x00000000eb000000, 0x0000000100000000)
  eden space 3072K, 99% used [0x00000000eab00000,0x00000000eadffb00,0x00000000eae00000)
  from space 1024K, 86% used [0x00000000eaf00000,0x00000000eafdeb10,0x00000000eb000000)
  to   space 1024K, 0% used [0x00000000eae00000,0x00000000eae00000,0x00000000eaf00000)
 ParOldGen       total 175104K, used 174717K [0x00000000c0000000, 0x00000000cab00000, 0x00000000eab00000)
  object space 175104K, 99% used [0x00000000c0000000,0x00000000caa9f6c8,0x00000000cab00000)
 Metaspace       used 57442K, committed 58752K, reserved 1114112K
  class space    used 5867K, committed 6464K, reserved 1048576K
}
Event: 37.794 GC heap after
{Heap after GC invocations=123 (full 2):
 PSYoungGen      total 4096K, used 926K [0x00000000eab00000, 0x00000000eb000000, 0x0000000100000000)
  eden space 3072K, 0% used [0x00000000eab00000,0x00000000eab00000,0x00000000eae00000)
  from space 1024K, 90% used [0x00000000eae00000,0x00000000eaee7a28,0x00000000eaf00000)
  to   space 1024K, 0% used [0x00000000eaf00000,0x00000000eaf00000,0x00000000eb000000)
 ParOldGen       total 175616K, used 175439K [0x00000000c0000000, 0x00000000cab80000, 0x00000000eab00000)
  object space 175616K, 99% used [0x00000000c0000000,0x00000000cab53d38,0x00000000cab80000)
 Metaspace       used 57442K, committed 58752K, reserved 1114112K
  class space    used 5867K, committed 6464K, reserved 1048576K
}
Event: 37.812 GC heap before
{Heap before GC invocations=124 (full 2):
 PSYoungGen      total 4096K, used 3998K [0x00000000eab00000, 0x00000000eb000000, 0x0000000100000000)
  eden space 3072K, 99% used [0x00000000eab00000,0x00000000eadffff0,0x00000000eae00000)
  from space 1024K, 90% used [0x00000000eae00000,0x00000000eaee7a28,0x00000000eaf00000)
  to   space 1024K, 0% used [0x00000000eaf00000,0x00000000eaf00000,0x00000000eb000000)
 ParOldGen       total 175616K, used 175439K [0x00000000c0000000, 0x00000000cab80000, 0x00000000eab00000)
  object space 175616K, 99% used [0x00000000c0000000,0x00000000cab53d38,0x00000000cab80000)
 Metaspace       used 57466K, committed 58816K, reserved 1114112K
  class space    used 5867K, committed 6464K, reserved 1048576K
}
Event: 37.815 GC heap after
{Heap after GC invocations=124 (full 2):
 PSYoungGen      total 4096K, used 1018K [0x00000000eab00000, 0x00000000eb000000, 0x0000000100000000)
  eden space 3072K, 0% used [0x00000000eab00000,0x00000000eab00000,0x00000000eae00000)
  from space 1024K, 99% used [0x00000000eaf00000,0x00000000eaffe9f0,0x00000000eb000000)
  to   space 1024K, 0% used [0x00000000eae00000,0x00000000eae00000,0x00000000eaf00000)
 ParOldGen       total 176640K, used 176256K [0x00000000c0000000, 0x00000000cac80000, 0x00000000eab00000)
  object space 176640K, 99% used [0x00000000c0000000,0x00000000cac20190,0x00000000cac80000)
 Metaspace       used 57466K, committed 58816K, reserved 1114112K
  class space    used 5867K, committed 6464K, reserved 1048576K
}
Event: 37.827 GC heap before
{Heap before GC invocations=125 (full 2):
 PSYoungGen      total 4096K, used 4090K [0x00000000eab00000, 0x00000000eb000000, 0x0000000100000000)
  eden space 3072K, 100% used [0x00000000eab00000,0x00000000eae00000,0x00000000eae00000)
  from space 1024K, 99% used [0x00000000eaf00000,0x00000000eaffe9f0,0x00000000eb000000)
  to   space 1024K, 0% used [0x00000000eae00000,0x00000000eae00000,0x00000000eaf00000)
 ParOldGen       total 176640K, used 176256K [0x00000000c0000000, 0x00000000cac80000, 0x00000000eab00000)
  object space 176640K, 99% used [0x00000000c0000000,0x00000000cac20190,0x00000000cac80000)
 Metaspace       used 57466K, committed 58816K, reserved 1114112K
  class space    used 5867K, committed 6464K, reserved 1048576K
}
Event: 37.830 GC heap after
{Heap after GC invocations=125 (full 2):
 PSYoungGen      total 4096K, used 1015K [0x00000000eab00000, 0x00000000eb000000, 0x0000000100000000)
  eden space 3072K, 0% used [0x00000000eab00000,0x00000000eab00000,0x00000000eae00000)
  from space 1024K, 99% used [0x00000000eae00000,0x00000000eaefdcf0,0x00000000eaf00000)
  to   space 1024K, 0% used [0x00000000eaf00000,0x00000000eaf00000,0x00000000eb000000)
 ParOldGen       total 177664K, used 177559K [0x00000000c0000000, 0x00000000cad80000, 0x00000000eab00000)
  object space 177664K, 99% used [0x00000000c0000000,0x00000000cad65f58,0x00000000cad80000)
 Metaspace       used 57466K, committed 58816K, reserved 1114112K
  class space    used 5867K, committed 6464K, reserved 1048576K
}
Event: 37.860 GC heap before
{Heap before GC invocations=126 (full 2):
 PSYoungGen      total 4096K, used 4087K [0x00000000eab00000, 0x00000000eb000000, 0x0000000100000000)
  eden space 3072K, 100% used [0x00000000eab00000,0x00000000eae00000,0x00000000eae00000)
  from space 1024K, 99% used [0x00000000eae00000,0x00000000eaefdcf0,0x00000000eaf00000)
  to   space 1024K, 0% used [0x00000000eaf00000,0x00000000eaf00000,0x00000000eb000000)
 ParOldGen       total 177664K, used 177559K [0x00000000c0000000, 0x00000000cad80000, 0x00000000eab00000)
  object space 177664K, 99% used [0x00000000c0000000,0x00000000cad65f58,0x00000000cad80000)
 Metaspace       used 57569K, committed 58880K, reserved 1114112K
  class space    used 5874K, committed 6464K, reserved 1048576K
}

